[2025-07-05 02:51:30] [INFO] Starting environment setup for staging...
[2025-07-05 02:51:30] [INFO] Setup ID: env-setup-staging-20250705-025130
[2025-07-05 02:51:30] [INFO] Loaded configuration for staging environment
[2025-07-05 02:51:30] [INFO] Checking system prerequisites...
[2025-07-05 02:51:30] [ERROR] Java not found
[2025-07-05 02:51:31] [SUCCESS] Maven found: Apache Maven 3.9.9 (8e8579a9e76f7d015ee5ec7bfcdc97d260186937)
[2025-07-05 02:51:31] [SUCCESS] Git found: git version 2.47.1.windows.2
[2025-07-05 02:51:31] [SUCCESS] System prerequisites check completed
[2025-07-05 02:51:31] [INFO] Creating directory structure for staging environment...
[2025-07-05 02:51:31] [INFO] Created directory: deployments/staging
[2025-07-05 02:51:31] [INFO] Created directory: deployments/staging\logs
[2025-07-05 02:51:31] [INFO] Created directory: deployments/staging\config
[2025-07-05 02:51:31] [INFO] Created directory: deployments/staging\scripts
[2025-07-05 02:51:31] [INFO] Created directory: deployments/staging\data
[2025-07-05 02:51:31] [INFO] Created directory: deployments/staging\backups
[2025-07-05 02:51:31] [INFO] Created directory: logs\staging
[2025-07-05 02:51:31] [INFO] Created directory: database\staging
[2025-07-05 02:51:31] [SUCCESS] Directory structure created successfully
[2025-07-05 02:51:31] [INFO] Initializing database for staging environment...
[2025-07-05 02:51:31] [INFO] Creating new database: database\staging\food_ordering_staging.db
[2025-07-05 02:51:31] [INFO] Database schema file found, initializing...
[2025-07-05 02:51:34] [ERROR] Database initialization failed
[2025-07-05 02:51:34] [ERROR] Database initialization failed: Database initialization failed
[2025-07-05 02:51:34] [INFO] Configuring application properties for staging...
[2025-07-05 02:51:34] [SUCCESS] Application configuration created: deployments/staging\config\application-staging.properties
[2025-07-05 02:51:34] [SUCCESS] JVM arguments file created: deployments/staging\config\jvm-args-staging.txt
[2025-07-05 02:51:34] [INFO] Setting up monitoring for staging environment...
[2025-07-05 02:51:34] [SUCCESS] Monitoring configuration created
[2025-07-05 02:51:34] [INFO] Creating service scripts for staging environment...
[2025-07-05 02:51:34] [SUCCESS] Start script created: start-staging.bat
[2025-07-05 02:51:34] [SUCCESS] Stop script created: stop-staging.bat
[2025-07-05 02:51:34] [SUCCESS] Health check script created: health-check-staging.bat
[2025-07-05 02:51:34] [INFO] Creating environment information file...
[2025-07-05 02:51:34] [SUCCESS] Environment info created: deployments/staging\environment-info.json
[2025-07-05 02:51:34] [SUCCESS] staging environment setup completed successfully!
[2025-07-05 02:51:34] [SUCCESS] Target Directory: deployments/staging
[2025-07-05 02:51:34] [SUCCESS] Backend Port: 8082
[2025-07-05 02:51:34] [SUCCESS] Frontend Port: 8083
[2025-07-05 02:51:34] [INFO] Environment setup completed with exit code: 0
[2025-07-05 02:51:34] [INFO] Log file: logs\environment-setup-staging-20250705-025130.log
