[2025-07-05 03:45:58] [MONITOR] Starting monitoring setup for development environment...
[2025-07-05 03:45:58] [MONITOR] Installing monitoring tools...
[2025-07-05 03:45:58] [MONITOR] Setting up Prometheus...
[2025-07-05 03:45:58] [INFO] Creating Prometheus directory structure...
[2025-07-05 03:45:58] [SUCCESS] Prometheus setup completed
[2025-07-05 03:45:58] [MONITOR] Setting up Grafana...
[2025-07-05 03:45:58] [SUCCESS] Grafana setup completed
[2025-07-05 03:45:58] [MONITOR] Setting up Node Exporter...
[2025-07-05 03:45:58] [SUCCESS] Node Exporter setup completed
[2025-07-05 03:45:58] [MONITOR] Configuring AlertManager...
[2025-07-05 03:45:58] [SUCCESS] AlertManager configuration created
[2025-07-05 03:45:58] [MONITOR] Configuring Grafana...
[2025-07-05 03:45:58] [SUCCESS] Grafana configuration created
[2025-07-05 03:45:58] [MONITOR] Creating monitoring startup script...
[2025-07-05 03:45:58] [SUCCESS] Monitoring startup script created: start-monitoring-development.bat
[2025-07-05 03:45:58] [MONITOR] Creating health check script...
[2025-07-05 03:45:58] [SUCCESS] Health check script created
[2025-07-05 03:45:58] [SUCCESS] Monitoring setup completed successfully!
[2025-07-05 03:45:58] [SUCCESS] =========================================
[2025-07-05 03:45:58] [INFO] Prometheus: http://localhost:9090
[2025-07-05 03:45:58] [INFO] Grafana: http://localhost:3000
[2025-07-05 03:45:58] [INFO] Node Exporter: http://localhost:9100
[2025-07-05 03:45:58] [SUCCESS] =========================================
[2025-07-05 03:45:58] [INFO] To start monitoring stack: .\start-monitoring-development.bat
[2025-07-05 03:45:58] [INFO] To check health: .\scripts\monitoring\health-check.ps1
[2025-07-05 03:45:58] [SUCCESS] Monitoring setup process completed successfully
[2025-07-05 03:45:58] [INFO] Log file: logs\monitoring-setup-development-20250705-034558.log
